#0 building with "default" instance using docker driver

#1 [internal] load build definition from Dockerfile
#1 transferring dockerfile: 260B done
#1 WARN: LegacyKeyValueFormat: "ENV key=value" should be used instead of legacy "ENV key value" format (line 4)
#1 WARN: LegacyKeyValueFormat: "ENV key=value" should be used instead of legacy "ENV key value" format (line 5)
#1 WARN: SecretsUsedInArgOrEnv: Do not use ARG or ENV instructions for sensitive data (ENV "POSTGRES_PASSWORD") (line 5)
#1 WARN: LegacyKeyValueFormat: "ENV key=value" should be used instead of legacy "ENV key value" format (line 6)
#1 DONE 0.0s

#2 [internal] load metadata for docker.io/library/postgres:latest
#2 DONE 0.0s

#3 [internal] load .dockerignore
#3 transferring context: 2B done
#3 DONE 0.0s

#4 [internal] load build context
#4 transferring context: 738B done
#4 DONE 0.0s

#5 [1/2] FROM docker.io/library/postgres:latest
#5 CACHED

#6 [2/2] COPY ../schema /docker-entrypoint-initdb.d/
#6 DONE 0.0s

#7 exporting to image
#7 exporting layers done
#7 writing image sha256:a64c907f0ccd982896dee286c51265fba11fc3ff9bfe8a9150302c18ca914cc2 done
#7 naming to docker.io/library/asset-analysis-db done
#7 DONE 0.0s

 [33m4 warnings found (use docker --debug to expand):
[0m - SecretsUsedInArgOrEnv: Do not use ARG or ENV instructions for sensitive data (ENV "POSTGRES_PASSWORD") (line 5)
 - LegacyKeyValueFormat: "ENV key=value" should be used instead of legacy "ENV key value" format (line 6)
 - LegacyKeyValueFormat: "ENV key=value" should be used instead of legacy "ENV key value" format (line 4)
 - LegacyKeyValueFormat: "ENV key=value" should be used instead of legacy "ENV key value" format (line 5)
